<?xml version="1.0" encoding="UTF-8"?>
<!-- Generated by org.testng.reporters.JUnitXMLReporter -->
<testsuite ignored="0" hostname="Robert" failures="0" tests="3" name="TestingMiniBytesTest" time="8.316" errors="0" timestamp="2024-12-20T00:56:50 IST">
  <testcase classname="com.sw.Tests.LoginTest" name="test1" time="2.191"/>
  <testcase classname="com.sw.Tests.signupTest" name="test3" time="2.538"/>
  <testcase classname="com.sw.Tests.HomeTest" name="test2" time="2.947"/>
</testsuite> <!-- TestingMiniBytesTest -->
