<?xml version="1.0" encoding="UTF-8"?>
<testng-results ignored="0" total="8" passed="8" failed="0" skipped="0">
  <reporter-output>
  </reporter-output>
  <suite started-at="2025-02-10T00:28:47 IST" name="CloseBuic Suite " finished-at="2025-02-10T00:29:07 IST" duration-ms="19831">
    <groups>
      <group name="regression">
        <method signature="zNewFormTest.test2(java.lang.String, java.lang.String)[pri:0, instance:com.sw.Tests.zNewFormTest@2e8c1c9b]" name="test2" class="com.sw.Tests.zNewFormTest"/>
        <method signature="zNewFormTest.test2(java.lang.String, java.lang.String)[pri:0, instance:com.sw.Tests.zNewFormTest@3a7442c7]" name="test2" class="com.sw.Tests.zNewFormTest"/>
      </group> <!-- regression -->
    </groups>
    <test started-at="2025-02-10T00:28:47 IST" name="CloseBuic Test" finished-at="2025-02-10T00:28:58 IST" duration-ms="11005">
      <class name="com.sw.Tests.zNewFormTest">
        <test-method is-config="true" signature="setUp(java.lang.String, java.lang.String)[pri:0, instance:com.sw.Tests.zNewFormTest@2e8c1c9b]" started-at="2025-02-10T00:28:48 IST" name="setUp" finished-at="2025-02-10T00:28:57 IST" duration-ms="9379" status="PASS">
          <params>
            <param index="0">
              <value>
                <![CDATA[chrome]]>
              </value>
            </param>
            <param index="1">
              <value>
                <![CDATA[qaurl]]>
              </value>
            </param>
          </params>
          <reporter-output>
          </reporter-output>
        </test-method> <!-- setUp -->
        <test-method is-config="true" signature="setUp(java.lang.String, java.lang.String)[pri:0, instance:com.sw.Tests.zNewFormTest@2e8c1c9b]" started-at="2025-02-10T00:28:48 IST" name="setUp" finished-at="2025-02-10T00:28:58 IST" duration-ms="10008" status="PASS">
          <params>
            <param index="0">
              <value>
                <![CDATA[chrome]]>
              </value>
            </param>
            <param index="1">
              <value>
                <![CDATA[qaurl]]>
              </value>
            </param>
          </params>
          <reporter-output>
          </reporter-output>
        </test-method> <!-- setUp -->
        <test-method is-config="true" signature="setUp(java.lang.String, java.lang.String)[pri:0, instance:com.sw.Tests.zNewFormTest@2e8c1c9b]" started-at="2025-02-10T00:28:48 IST" name="setUp" finished-at="2025-02-10T00:28:55 IST" duration-ms="7306" status="PASS">
          <params>
            <param index="0">
              <value>
                <![CDATA[chrome]]>
              </value>
            </param>
            <param index="1">
              <value>
                <![CDATA[qaurl]]>
              </value>
            </param>
          </params>
          <reporter-output>
          </reporter-output>
        </test-method> <!-- setUp -->
        <test-method is-config="true" signature="setUp(java.lang.String, java.lang.String)[pri:0, instance:com.sw.Tests.zNewFormTest@2e8c1c9b]" started-at="2025-02-10T00:28:48 IST" name="setUp" finished-at="2025-02-10T00:28:57 IST" duration-ms="8818" status="PASS">
          <params>
            <param index="0">
              <value>
                <![CDATA[chrome]]>
              </value>
            </param>
            <param index="1">
              <value>
                <![CDATA[qaurl]]>
              </value>
            </param>
          </params>
          <reporter-output>
          </reporter-output>
        </test-method> <!-- setUp -->
        <test-method signature="test2(java.lang.String, java.lang.String)[pri:0, instance:com.sw.Tests.zNewFormTest@2e8c1c9b]" started-at="2025-02-10T00:28:55 IST" name="test2" data-provider="testdata" finished-at="2025-02-10T00:28:56 IST" duration-ms="1414" status="PASS">
          <params>
            <param index="0">
              <value>
                <![CDATA[Mad]]>
              </value>
            </param>
            <param index="1">
              <value>
                <![CDATA[kumar]]>
              </value>
            </param>
          </params>
          <reporter-output>
          </reporter-output>
        </test-method> <!-- test2 -->
        <test-method signature="test2(java.lang.String, java.lang.String)[pri:0, instance:com.sw.Tests.zNewFormTest@2e8c1c9b]" started-at="2025-02-10T00:28:57 IST" name="test2" data-provider="testdata" finished-at="2025-02-10T00:28:57 IST" duration-ms="108" status="PASS">
          <params>
            <param index="0">
              <value>
                <![CDATA[Ugi]]>
              </value>
            </param>
            <param index="1">
              <value>
                <![CDATA[kumar]]>
              </value>
            </param>
          </params>
          <reporter-output>
          </reporter-output>
        </test-method> <!-- test2 -->
        <test-method is-config="true" signature="tearDown()[pri:0, instance:com.sw.Tests.zNewFormTest@2e8c1c9b]" started-at="2025-02-10T00:28:57 IST" name="tearDown" finished-at="2025-02-10T00:28:57 IST" duration-ms="448" status="PASS">
          <reporter-output>
          </reporter-output>
        </test-method> <!-- tearDown -->
        <test-method is-config="true" signature="tearDown()[pri:0, instance:com.sw.Tests.zNewFormTest@2e8c1c9b]" started-at="2025-02-10T00:28:57 IST" name="tearDown" finished-at="2025-02-10T00:28:57 IST" duration-ms="353" status="PASS">
          <reporter-output>
          </reporter-output>
        </test-method> <!-- tearDown -->
        <test-method signature="test2(java.lang.String, java.lang.String)[pri:0, instance:com.sw.Tests.zNewFormTest@2e8c1c9b]" started-at="2025-02-10T00:28:57 IST" name="test2" data-provider="testdata" finished-at="2025-02-10T00:28:57 IST" duration-ms="150" status="PASS">
          <params>
            <param index="0">
              <value>
                <![CDATA[San]]>
              </value>
            </param>
            <param index="1">
              <value>
                <![CDATA[kumar]]>
              </value>
            </param>
          </params>
          <reporter-output>
          </reporter-output>
        </test-method> <!-- test2 -->
        <test-method is-config="true" signature="tearDown()[pri:0, instance:com.sw.Tests.zNewFormTest@2e8c1c9b]" started-at="2025-02-10T00:28:57 IST" name="tearDown" finished-at="2025-02-10T00:28:58 IST" duration-ms="225" status="PASS">
          <reporter-output>
          </reporter-output>
        </test-method> <!-- tearDown -->
        <test-method signature="test2(java.lang.String, java.lang.String)[pri:0, instance:com.sw.Tests.zNewFormTest@2e8c1c9b]" started-at="2025-02-10T00:28:58 IST" name="test2" data-provider="testdata" finished-at="2025-02-10T00:28:58 IST" duration-ms="106" status="PASS">
          <params>
            <param index="0">
              <value>
                <![CDATA[First Name]]>
              </value>
            </param>
            <param index="1">
              <value>
                <![CDATA[Last Name]]>
              </value>
            </param>
          </params>
          <reporter-output>
          </reporter-output>
        </test-method> <!-- test2 -->
        <test-method is-config="true" signature="tearDown()[pri:0, instance:com.sw.Tests.zNewFormTest@2e8c1c9b]" started-at="2025-02-10T00:28:58 IST" name="tearDown" finished-at="2025-02-10T00:28:58 IST" duration-ms="188" status="PASS">
          <reporter-output>
          </reporter-output>
        </test-method> <!-- tearDown -->
      </class> <!-- com.sw.Tests.zNewFormTest -->
    </test> <!-- CloseBuic Test -->
    <test started-at="2025-02-10T00:28:58 IST" name="CloseBuic Test edge" finished-at="2025-02-10T00:29:07 IST" duration-ms="8504">
      <class name="com.sw.Tests.zNewFormTest">
        <test-method is-config="true" signature="delSS()[pri:0, instance:com.sw.Tests.zNewFormTest@3a7442c7]" started-at="2025-02-10T00:28:47 IST" name="delSS" finished-at="2025-02-10T00:28:47 IST" duration-ms="10" status="PASS">
          <reporter-output>
          </reporter-output>
        </test-method> <!-- delSS -->
        <test-method is-config="true" signature="setUp(java.lang.String, java.lang.String)[pri:0, instance:com.sw.Tests.zNewFormTest@3a7442c7]" started-at="2025-02-10T00:28:58 IST" name="setUp" finished-at="2025-02-10T00:29:03 IST" duration-ms="4120" status="PASS">
          <params>
            <param index="0">
              <value>
                <![CDATA[edge]]>
              </value>
            </param>
            <param index="1">
              <value>
                <![CDATA[qaurl]]>
              </value>
            </param>
          </params>
          <reporter-output>
          </reporter-output>
        </test-method> <!-- setUp -->
        <test-method is-config="true" signature="setUp(java.lang.String, java.lang.String)[pri:0, instance:com.sw.Tests.zNewFormTest@3a7442c7]" started-at="2025-02-10T00:28:58 IST" name="setUp" finished-at="2025-02-10T00:29:04 IST" duration-ms="5505" status="PASS">
          <params>
            <param index="0">
              <value>
                <![CDATA[edge]]>
              </value>
            </param>
            <param index="1">
              <value>
                <![CDATA[qaurl]]>
              </value>
            </param>
          </params>
          <reporter-output>
          </reporter-output>
        </test-method> <!-- setUp -->
        <test-method is-config="true" signature="setUp(java.lang.String, java.lang.String)[pri:0, instance:com.sw.Tests.zNewFormTest@3a7442c7]" started-at="2025-02-10T00:28:58 IST" name="setUp" finished-at="2025-02-10T00:29:04 IST" duration-ms="5508" status="PASS">
          <params>
            <param index="0">
              <value>
                <![CDATA[edge]]>
              </value>
            </param>
            <param index="1">
              <value>
                <![CDATA[qaurl]]>
              </value>
            </param>
          </params>
          <reporter-output>
          </reporter-output>
        </test-method> <!-- setUp -->
        <test-method is-config="true" signature="setUp(java.lang.String, java.lang.String)[pri:0, instance:com.sw.Tests.zNewFormTest@3a7442c7]" started-at="2025-02-10T00:28:58 IST" name="setUp" finished-at="2025-02-10T00:29:04 IST" duration-ms="5504" status="PASS">
          <params>
            <param index="0">
              <value>
                <![CDATA[edge]]>
              </value>
            </param>
            <param index="1">
              <value>
                <![CDATA[qaurl]]>
              </value>
            </param>
          </params>
          <reporter-output>
          </reporter-output>
        </test-method> <!-- setUp -->
        <test-method signature="test2(java.lang.String, java.lang.String)[pri:0, instance:com.sw.Tests.zNewFormTest@3a7442c7]" started-at="2025-02-10T00:29:03 IST" name="test2" data-provider="testdata" finished-at="2025-02-10T00:29:05 IST" duration-ms="2069" status="PASS">
          <params>
            <param index="0">
              <value>
                <![CDATA[First Name]]>
              </value>
            </param>
            <param index="1">
              <value>
                <![CDATA[Last Name]]>
              </value>
            </param>
          </params>
          <reporter-output>
          </reporter-output>
        </test-method> <!-- test2 -->
        <test-method signature="test2(java.lang.String, java.lang.String)[pri:0, instance:com.sw.Tests.zNewFormTest@3a7442c7]" started-at="2025-02-10T00:29:04 IST" name="test2" data-provider="testdata" finished-at="2025-02-10T00:29:06 IST" duration-ms="1836" status="PASS">
          <params>
            <param index="0">
              <value>
                <![CDATA[San]]>
              </value>
            </param>
            <param index="1">
              <value>
                <![CDATA[kumar]]>
              </value>
            </param>
          </params>
          <reporter-output>
          </reporter-output>
        </test-method> <!-- test2 -->
        <test-method signature="test2(java.lang.String, java.lang.String)[pri:0, instance:com.sw.Tests.zNewFormTest@3a7442c7]" started-at="2025-02-10T00:29:04 IST" name="test2" data-provider="testdata" finished-at="2025-02-10T00:29:07 IST" duration-ms="2603" status="PASS">
          <params>
            <param index="0">
              <value>
                <![CDATA[Mad]]>
              </value>
            </param>
            <param index="1">
              <value>
                <![CDATA[kumar]]>
              </value>
            </param>
          </params>
          <reporter-output>
          </reporter-output>
        </test-method> <!-- test2 -->
        <test-method signature="test2(java.lang.String, java.lang.String)[pri:0, instance:com.sw.Tests.zNewFormTest@3a7442c7]" started-at="2025-02-10T00:29:04 IST" name="test2" data-provider="testdata" finished-at="2025-02-10T00:29:06 IST" duration-ms="2147" status="PASS">
          <params>
            <param index="0">
              <value>
                <![CDATA[Ugi]]>
              </value>
            </param>
            <param index="1">
              <value>
                <![CDATA[kumar]]>
              </value>
            </param>
          </params>
          <reporter-output>
          </reporter-output>
        </test-method> <!-- test2 -->
        <test-method is-config="true" signature="tearDown()[pri:0, instance:com.sw.Tests.zNewFormTest@3a7442c7]" started-at="2025-02-10T00:29:05 IST" name="tearDown" finished-at="2025-02-10T00:29:05 IST" duration-ms="329" status="PASS">
          <reporter-output>
          </reporter-output>
        </test-method> <!-- tearDown -->
        <test-method is-config="true" signature="tearDown()[pri:0, instance:com.sw.Tests.zNewFormTest@3a7442c7]" started-at="2025-02-10T00:29:06 IST" name="tearDown" finished-at="2025-02-10T00:29:06 IST" duration-ms="281" status="PASS">
          <reporter-output>
          </reporter-output>
        </test-method> <!-- tearDown -->
        <test-method is-config="true" signature="tearDown()[pri:0, instance:com.sw.Tests.zNewFormTest@3a7442c7]" started-at="2025-02-10T00:29:06 IST" name="tearDown" finished-at="2025-02-10T00:29:06 IST" duration-ms="261" status="PASS">
          <reporter-output>
          </reporter-output>
        </test-method> <!-- tearDown -->
        <test-method is-config="true" signature="tearDown()[pri:0, instance:com.sw.Tests.zNewFormTest@3a7442c7]" started-at="2025-02-10T00:29:07 IST" name="tearDown" finished-at="2025-02-10T00:29:07 IST" duration-ms="248" status="PASS">
          <reporter-output>
          </reporter-output>
        </test-method> <!-- tearDown -->
      </class> <!-- com.sw.Tests.zNewFormTest -->
    </test> <!-- CloseBuic Test edge -->
  </suite> <!-- CloseBuic Suite  -->
</testng-results>
